0 info it worked if it ends with ok
1 verbose cli [ '/home/wando/.nvm/versions/node/v6.9.2/bin/node',
1 verbose cli   '/home/wando/.nvm/versions/node/v6.9.2/bin/npm',
1 verbose cli   'start' ]
2 info using npm@3.10.9
3 info using node@v6.9.2
4 verbose run-script [ 'prestart', 'start', 'poststart' ]
5 info lifecycle vanilla-hmr@1.0.0~prestart: vanilla-hmr@1.0.0
6 silly lifecycle vanilla-hmr@1.0.0~prestart: no script for prestart, continuing
7 info lifecycle vanilla-hmr@1.0.0~start: vanilla-hmr@1.0.0
8 verbose lifecycle vanilla-hmr@1.0.0~start: unsafe-perm in lifecycle true
9 verbose lifecycle vanilla-hmr@1.0.0~start: PATH: /home/wando/.nvm/versions/node/v6.9.2/lib/node_modules/npm/bin/node-gyp-bin:/home/wando/development/vanilla-hmr/node_modules/.bin:/home/wando/.nvm/versions/node/v6.9.2/bin:/usr/lib64/qt-3.3/bin:/usr/local/bin:/usr/local/sbin:/usr/bin:/usr/sbin:/home/wando/Android/Sdk/tools:/home/wando/Android/Sdk/tools/bin:/home/wando/Android/Sdk/platform-tools:/home/wando/.local/bin:/home/wando/bin:/home/wando/Android/Sdk/tools:/home/wando/Android/Sdk/tools/bin:/home/wando/Android/Sdk/platform-tools
10 verbose lifecycle vanilla-hmr@1.0.0~start: CWD: /home/wando/development/vanilla-hmr
11 silly lifecycle vanilla-hmr@1.0.0~start: Args: [ '-c',
11 silly lifecycle   'webpack-dev-server --config ./webpack/dev/webpack.config.js' ]
12 silly lifecycle vanilla-hmr@1.0.0~start: Returned: code: 1  signal: null
13 info lifecycle vanilla-hmr@1.0.0~start: Failed to exec start script
14 verbose stack Error: vanilla-hmr@1.0.0 start: `webpack-dev-server --config ./webpack/dev/webpack.config.js`
14 verbose stack Exit status 1
14 verbose stack     at EventEmitter.<anonymous> (/home/wando/.nvm/versions/node/v6.9.2/lib/node_modules/npm/lib/utils/lifecycle.js:255:16)
14 verbose stack     at emitTwo (events.js:106:13)
14 verbose stack     at EventEmitter.emit (events.js:191:7)
14 verbose stack     at ChildProcess.<anonymous> (/home/wando/.nvm/versions/node/v6.9.2/lib/node_modules/npm/lib/utils/spawn.js:40:14)
14 verbose stack     at emitTwo (events.js:106:13)
14 verbose stack     at ChildProcess.emit (events.js:191:7)
14 verbose stack     at maybeClose (internal/child_process.js:877:16)
14 verbose stack     at Process.ChildProcess._handle.onexit (internal/child_process.js:226:5)
15 verbose pkgid vanilla-hmr@1.0.0
16 verbose cwd /home/wando/development/vanilla-hmr
17 error Linux 4.9.13-200.fc25.x86_64
18 error argv "/home/wando/.nvm/versions/node/v6.9.2/bin/node" "/home/wando/.nvm/versions/node/v6.9.2/bin/npm" "start"
19 error node v6.9.2
20 error npm  v3.10.9
21 error code ELIFECYCLE
22 error vanilla-hmr@1.0.0 start: `webpack-dev-server --config ./webpack/dev/webpack.config.js`
22 error Exit status 1
23 error Failed at the vanilla-hmr@1.0.0 start script 'webpack-dev-server --config ./webpack/dev/webpack.config.js'.
23 error Make sure you have the latest version of node.js and npm installed.
23 error If you do, this is most likely a problem with the vanilla-hmr package,
23 error not with npm itself.
23 error Tell the author that this fails on your system:
23 error     webpack-dev-server --config ./webpack/dev/webpack.config.js
23 error You can get information on how to open an issue for this project with:
23 error     npm bugs vanilla-hmr
23 error Or if that isn't available, you can get their info via:
23 error     npm owner ls vanilla-hmr
23 error There is likely additional logging output above.
24 verbose exit [ 1, true ]
